<?xml version="1.0" encoding="UTF-8"?>
<!-- Generated by org.testng.reporters.JUnitReportReporter -->
<testsuite hostname="WIN-BUJPQUT86IS" name="GoogleTests.InputTestCase" tests="1" failures="0" timestamp="15 Apr 2015 09:41:59 GMT" time="8.056" errors="0">
  <testcase name="shouldBeSonyPages" time="8.056" classname="GoogleTests.InputTestCase"/>
</testsuite> <!-- GoogleTests.InputTestCase -->
